{"/Users/bulatvaleev/Works/multiplier/js-library-boilerplate-basic/scripts/testMock.js": {"path":"/Users/bulatvaleev/Works/multiplier/js-library-boilerplate-basic/scripts/testMock.js","statementMap":{"0":{"start":{"line":1,"column":0},"end":{"line":1,"column":20}}},"fnMap":{},"branchMap":{},"s":{"0":1},"f":{},"b":{},"_coverageSchema":"1a1c01bbd47fc00a2c39e90264f33305004495a9","hash":"9126af188a451b487b4a3cf52bbff8cded2b3386"}
,"/Users/bulatvaleev/Works/multiplier/js-library-boilerplate-basic/src/lib/index.js": {"path":"/Users/bulatvaleev/Works/multiplier/js-library-boilerplate-basic/src/lib/index.js","statementMap":{"0":{"start":{"line":5,"column":4},"end":{"line":5,"column":46}},"1":{"start":{"line":8,"column":9},"end":{"line":18,"column":3}},"2":{"start":{"line":9,"column":4},"end":{"line":9,"column":40}},"3":{"start":{"line":10,"column":17},"end":{"line":10,"column":56}},"4":{"start":{"line":12,"column":4},"end":{"line":15,"column":5}},"5":{"start":{"line":13,"column":6},"end":{"line":13,"column":99}},"6":{"start":{"line":14,"column":6},"end":{"line":14,"column":13}},"7":{"start":{"line":17,"column":4},"end":{"line":17,"column":52}}},"fnMap":{"0":{"name":"(anonymous_0)","decl":{"start":{"line":4,"column":2},"end":{"line":4,"column":3}},"loc":{"start":{"line":4,"column":16},"end":{"line":6,"column":3}},"line":4},"1":{"name":"(anonymous_1)","decl":{"start":{"line":8,"column":9},"end":{"line":8,"column":10}},"loc":{"start":{"line":8,"column":34},"end":{"line":18,"column":3}},"line":8}},"branchMap":{"0":{"loc":{"start":{"line":12,"column":4},"end":{"line":15,"column":5}},"type":"if","locations":[{"start":{"line":12,"column":4},"end":{"line":15,"column":5}},{"start":{},"end":{}}],"line":12}},"s":{"0":1,"1":1,"2":0,"3":0,"4":0,"5":0,"6":0,"7":0},"f":{"0":1,"1":0},"b":{"0":[0,0]},"_coverageSchema":"1a1c01bbd47fc00a2c39e90264f33305004495a9","hash":"812489084844abd74deaf777d1345b2daed3bdc0"}
}
